\BOOKMARK [0][-]{dummy.1}{\376\377\000R\000\351\000s\000u\000m\000\351}{}% 1
\BOOKMARK [0][-]{dummy.2}{\376\377\000R\000e\000m\000e\000r\000c\000i\000e\000m\000e\000n\000t\000s}{}% 2
\BOOKMARK [0][-]{dummy.3}{\376\377\000C\000o\000n\000t\000e\000n\000t\000s}{}% 3
\BOOKMARK [0][-]{dummy.5}{\376\377\000L\000i\000s\000t\000\040\000o\000f\000\040\000F\000i\000g\000u\000r\000e\000s}{}% 4
\BOOKMARK [0][-]{dummy.7}{\376\377\000A\000b\000b\000r\000e\000v\000i\000a\000t\000i\000o\000n\000s}{}% 5
\BOOKMARK [0][-]{dummy.10}{\376\377\000S\000y\000m\000b\000o\000l\000s}{}% 6
\BOOKMARK [0][-]{chapter.13}{\376\377\0001\000\040\000R\000e\000c\000h\000e\000r\000c\000h\000e\000\040\000d\000u\000\040\000s\000t\000a\000g\000e}{}% 7
\BOOKMARK [1][-]{section.14}{\376\377\0001\000.\0001\000\040\000I\000n\000t\000r\000o\000d\000u\000c\000t\000i\000o\000n}{chapter.13}% 8
\BOOKMARK [1][-]{section.15}{\376\377\0001\000.\0002\000\040\000L\000a\000\040\000f\000a\000\347\000o\000n\000\040\000d\000o\000n\000t\000\040\000j\000'\000a\000i\000\040\000p\000r\000o\000c\000\351\000d\000\351}{chapter.13}% 9
\BOOKMARK [2][-]{subsection.16}{\376\377\0001\000.\0002\000.\0001\000\040\000M\000e\000s\000\040\000m\000o\000t\000i\000v\000a\000t\000i\000o\000n\000s}{section.15}% 10
\BOOKMARK [2][-]{subsection.17}{\376\377\0001\000.\0002\000.\0002\000\040\000L\000e\000s\000\040\000e\000n\000t\000r\000e\000p\000r\000i\000s\000e\000s\000\040\000c\000o\000n\000t\000a\000c\000t\000\351\000e\000s}{section.15}% 11
\BOOKMARK [2][-]{subsection.18}{\376\377\0001\000.\0002\000.\0003\000\040\000L\000e\000s\000\040\000r\000\351\000s\000u\000l\000t\000a\000t\000s\000\040\000d\000e\000\040\000m\000e\000s\000\040\000r\000e\000c\000h\000e\000r\000c\000h\000e\000s}{section.15}% 12
\BOOKMARK [1][-]{section.19}{\376\377\0001\000.\0003\000\040\000C\000o\000n\000c\000l\000u\000s\000i\000o\000n}{chapter.13}% 13
\BOOKMARK [0][-]{chapter.20}{\376\377\0002\000\040\000L\000'\000e\000n\000v\000i\000r\000o\000n\000n\000e\000m\000e\000n\000t\000\040\000d\000u\000\040\000s\000t\000a\000g\000e}{}% 14
\BOOKMARK [1][-]{section.21}{\376\377\0002\000.\0001\000\040\000D\000e\000s\000c\000r\000i\000p\000t\000i\000o\000n\000\040\000o\000b\000j\000e\000c\000t\000i\000v\000e\000\040\000d\000e\000\040\000l\000'\000e\000n\000t\000r\000e\000p\000r\000i\000s\000e}{chapter.20}% 15
\BOOKMARK [2][-]{subsection.22}{\376\377\0002\000.\0001\000.\0001\000\040\000L\000'\000e\000n\000t\000r\000e\000p\000r\000i\000s\000e\000\040\000e\000n\000\040\000g\000\351\000n\000\351\000r\000a\000l}{section.21}% 16
\BOOKMARK [3][-]{subsubsection.23}{\376\377\0002\000.\0001\000.\0001\000.\0001\000\040\000S\000e\000c\000t\000e\000u\000r\000\040\000d\000'\000a\000c\000t\000i\000v\000i\000t\000\351}{subsection.22}% 17
\BOOKMARK [3][-]{subsubsection.24}{\376\377\0002\000.\0001\000.\0001\000.\0002\000\040\000M\000\351\000t\000i\000e\000r\000s}{subsection.22}% 18
\BOOKMARK [3][-]{subsubsection.25}{\376\377\0002\000.\0001\000.\0001\000.\0003\000\040\000C\000h\000i\000f\000f\000r\000e\000\040\000d\000'\000a\000f\000f\000a\000i\000r\000e}{subsection.22}% 19
\BOOKMARK [3][-]{subsubsection.26}{\376\377\0002\000.\0001\000.\0001\000.\0004\000\040\000E\000f\000f\000e\000c\000t\000i\000f\000s}{subsection.22}% 20
\BOOKMARK [3][-]{subsubsection.27}{\376\377\0002\000.\0001\000.\0001\000.\0005\000\040\000O\000r\000g\000a\000n\000i\000s\000a\000t\000i\000o\000n\000\040\000i\000n\000t\000e\000r\000n\000e}{subsection.22}% 21
\BOOKMARK [3][-]{subsubsection.28}{\376\377\0002\000.\0001\000.\0001\000.\0006\000\040\000R\000e\000l\000a\000t\000i\000o\000n\000s\000\040\000d\000u\000\040\000g\000r\000o\000u\000p\000e}{subsection.22}% 22
\BOOKMARK [2][-]{subsection.29}{\376\377\0002\000.\0001\000.\0002\000\040\000L\000'\000e\000n\000t\000r\000e\000p\000r\000i\000s\000e\000\040\000e\000t\000\040\000s\000o\000n\000\040\000i\000n\000f\000o\000r\000m\000a\000t\000i\000q\000u\000e}{section.21}% 23
\BOOKMARK [3][-]{subsubsection.30}{\376\377\0002\000.\0001\000.\0002\000.\0001\000\040\000O\000u\000t\000i\000l\000s\000,\000\040\000t\000e\000c\000h\000n\000o\000l\000o\000g\000i\000e\000s\000\040\000e\000t\000\040\000m\000\351\000t\000h\000o\000d\000e\000s}{subsection.29}% 24
\BOOKMARK [3][-]{subsubsection.31}{\376\377\0002\000.\0001\000.\0002\000.\0002\000\040\000O\000u\000t\000i\000l\000s\000\040\000d\000e\000\040\000t\000r\000a\000v\000a\000i\000l\000\040\000c\000o\000l\000l\000a\000b\000o\000r\000a\000t\000i\000f\000s}{subsection.29}% 25
\BOOKMARK [1][-]{section.32}{\376\377\0002\000.\0002\000\040\000L\000'\000e\000n\000v\000i\000r\000o\000n\000n\000e\000m\000e\000n\000t\000\040\000d\000e\000\040\000t\000r\000a\000v\000a\000i\000l}{chapter.20}% 26
\BOOKMARK [2][-]{subsection.33}{\376\377\0002\000.\0002\000.\0001\000\040\000L\000e\000s\000\040\000r\000e\000l\000a\000t\000i\000o\000n\000s\000\040\000h\000u\000m\000a\000i\000n\000e\000s\000\040\000a\000u\000\040\000s\000e\000i\000n\000\040\000d\000e\000\040\000l\000'\000e\000n\000t\000r\000e\000p\000r\000i\000s\000e}{section.32}% 27
\BOOKMARK [2][-]{subsection.34}{\376\377\0002\000.\0002\000.\0002\000\040\000R\000e\000l\000a\000t\000i\000o\000n\000s\000\040\000d\000e\000\040\000l\000a\000\040\000d\000i\000r\000e\000c\000t\000i\000o\000n\000\040\000a\000v\000e\000c\000\040\000l\000e\000\040\000r\000e\000s\000t\000e\000\040\000d\000u\000\040\000p\000e\000r\000s\000o\000n\000n\000e\000l}{section.32}% 28
\BOOKMARK [2][-]{subsection.35}{\376\377\0002\000.\0002\000.\0003\000\040\000R\000e\000l\000a\000t\000i\000o\000n\000s\000\040\000e\000n\000t\000r\000e\000\040\000s\000e\000r\000v\000i\000c\000e\000s\000,\000\040\000d\000\351\000p\000a\000r\000t\000e\000m\000e\000n\000t\000s\000\040\000e\000t\000\040\000d\000i\000v\000i\000s\000i\000o\000n\000s}{section.32}% 29
\BOOKMARK [2][-]{subsection.36}{\376\377\0002\000.\0002\000.\0004\000\040\000R\000e\000l\000a\000t\000i\000o\000n\000s\000\040\000e\000n\000t\000r\000e\000\040\000l\000e\000s\000\040\000d\000i\000f\000f\000\351\000r\000e\000n\000t\000e\000s\000\040\000c\000a\000t\000\351\000g\000o\000r\000i\000e\000s\000\040\000d\000e\000\040\000p\000e\000r\000s\000o\000n\000n\000e\000l\000\040\000e\000t\000\040\000l\000e\000s\000\040\000d\000i\000f\000f\000\351\000r\000e\000n\000t\000s\000\040\000n\000i\000v\000e\000a\000u\000x\000\040\000h\000i\000\351\000r\000a\000r\000c\000h\000i\000q\000u\000e\000s}{section.32}% 30
\BOOKMARK [1][-]{section.37}{\376\377\0002\000.\0003\000\040\000M\000o\000n\000\040\000i\000n\000t\000\351\000g\000r\000a\000t\000i\000o\000n\000\040\000d\000a\000n\000s\000\040\000l\000'\000e\000n\000t\000r\000e\000p\000r\000i\000s\000e}{chapter.20}% 31
\BOOKMARK [0][-]{chapter.38}{\376\377\0003\000\040\000\312\000t\000r\000e\000\040\000d\000\351\000v\000e\000l\000o\000p\000p\000e\000u\000r\000\040\000\340\000\040\000C\000a\000d\000r\000e\000m\000p\000l\000o\000i}{}% 32
\BOOKMARK [1][-]{section*.39}{}{chapter.38}% 33
\BOOKMARK [2][-]{section*.40}{}{section*.39}% 34
\BOOKMARK [1][-]{section.41}{\376\377\0003\000.\0001\000\040\000C\000a\000h\000i\000e\000r\000\040\000d\000e\000s\000\040\000c\000h\000a\000r\000g\000e\000s\000\040\000e\000t\000\040\000f\000o\000n\000c\000t\000i\000o\000n\000n\000e\000m\000e\000n\000t\000\040\000g\000\351\000n\000\351\000r\000a\000l\000\040\000d\000u\000\040\000c\000y\000c\000l\000e\000\040\000d\000e\000\040\000d\000\351\000v\000e\000l\000o\000p\000p\000e\000m\000e\000n\000t}{chapter.38}% 35
\BOOKMARK [2][-]{subsection.42}{\376\377\0003\000.\0001\000.\0001\000\040\000C\000o\000n\000t\000e\000n\000u\000\040\000d\000u\000\040\000s\000t\000a\000g\000e}{section.41}% 36
\BOOKMARK [2][-]{subsection.43}{\376\377\0003\000.\0001\000.\0002\000\040\000M\000\351\000t\000h\000o\000d\000e\000\040\000d\000e\000\040\000m\000a\000n\000a\000g\000e\000m\000e\000n\000t}{section.41}% 37
\BOOKMARK [3][-]{section*.44}{}{subsection.43}% 38
\BOOKMARK [4][-]{section*.45}{}{section*.44}% 39
\BOOKMARK [4][-]{section*.46}{}{section*.44}% 40
\BOOKMARK [4][-]{section*.47}{}{section*.44}% 41
\BOOKMARK [4][-]{section*.48}{}{section*.44}% 42
\BOOKMARK [1][-]{section.49}{\376\377\0003\000.\0002\000\040\000D\000e\000s\000c\000r\000i\000p\000t\000i\000o\000n\000\040\000g\000\351\000n\000\351\000r\000a\000l\000e\000\040\000d\000e\000\040\000l\000a\000\040\000n\000o\000u\000v\000e\000l\000l\000e\000\040\000a\000p\000p\000l\000i\000c\000a\000t\000i\000o\000n}{chapter.38}% 43
\BOOKMARK [2][-]{subsection.50}{\376\377\0003\000.\0002\000.\0001\000\040\000B\000a\000c\000k\000o\000f\000f\000i\000c\000e}{section.49}% 44
\BOOKMARK [2][-]{subsection.51}{\376\377\0003\000.\0002\000.\0002\000\040\000S\000t\000a\000t\000i\000s\000t\000i\000q\000u\000e\000s}{section.49}% 45
\BOOKMARK [2][-]{subsection.52}{\376\377\0003\000.\0002\000.\0003\000\040\000L\000a\000b\000e\000l\000\040\000q\000u\000a\000l\000i\000t\000\351}{section.49}% 46
\BOOKMARK [2][-]{subsection.53}{\376\377\0003\000.\0002\000.\0004\000\040\000E\000v\000e\000n\000t\000\040\000s\000o\000u\000r\000c\000i\000n\000g}{section.49}% 47
\BOOKMARK [3][-]{section*.54}{}{subsection.53}% 48
\BOOKMARK [1][-]{section.55}{\376\377\0003\000.\0003\000\040\000A\000p\000e\000r\000\347\000u\000\040\000d\000e\000s\000\040\000t\000e\000c\000h\000n\000o\000l\000o\000g\000i\000e\000s\000\040\000e\000t\000\040\000d\000e\000s\000\040\000t\000e\000c\000h\000n\000i\000q\000u\000e\000s\000\040\000u\000t\000i\000l\000i\000s\000\351\000e\000s}{chapter.38}% 49
\BOOKMARK [2][-]{subsection.56}{\376\377\0003\000.\0003\000.\0001\000\040\000L\000a\000n\000g\000a\000g\000e\000s}{section.55}% 50
\BOOKMARK [3][-]{subsubsection.57}{\376\377\0003\000.\0003\000.\0001\000.\0001\000\040\000B\000a\000c\000k\000e\000n\000d}{subsection.56}% 51
\BOOKMARK [3][-]{subsubsection.58}{\376\377\0003\000.\0003\000.\0001\000.\0002\000\040\000F\000r\000o\000n\000t\000e\000n\000d}{subsection.56}% 52
\BOOKMARK [2][-]{subsection.59}{\376\377\0003\000.\0003\000.\0002\000\040\000E\000n\000v\000i\000r\000o\000n\000n\000e\000m\000e\000n\000t\000s\000\040\000e\000t\000\040\000o\000u\000t\000i\000l\000s}{section.55}% 53
\BOOKMARK [2][-]{subsection.60}{\376\377\0003\000.\0003\000.\0003\000\040\000T\000e\000c\000h\000n\000i\000q\000u\000e\000s\000\040\000u\000t\000i\000l\000i\000s\000\351\000e\000s}{section.55}% 54
\BOOKMARK [3][-]{subsubsection.61}{\376\377\0003\000.\0003\000.\0003\000.\0001\000\040\000O\000r\000g\000a\000n\000i\000s\000a\000t\000i\000o\000n\000\040\000G\000i\000t}{subsection.60}% 55
\BOOKMARK [3][-]{subsubsection.62}{\376\377\0003\000.\0003\000.\0003\000.\0002\000\040\000C\000o\000n\000c\000e\000r\000t\000a\000t\000i\000o\000n\000s\000\040\000d\000'\000\351\000q\000u\000i\000p\000e}{subsection.60}% 56
\BOOKMARK [1][-]{section.63}{\376\377\0003\000.\0004\000\040\000U\000n\000e\000\040\000\351\000q\000u\000i\000p\000e\000\040\000n\000o\000m\000b\000r\000e\000u\000s\000e}{chapter.38}% 57
\BOOKMARK [2][-]{subsection.64}{\376\377\0003\000.\0004\000.\0001\000\040\000R\000e\000v\000u\000e\000\040\000d\000e\000\040\000c\000o\000d\000e}{section.63}% 58
\BOOKMARK [3][-]{section*.65}{}{subsection.64}% 59
\BOOKMARK [4][-]{section*.66}{}{section*.65}% 60
\BOOKMARK [4][-]{section*.67}{}{section*.65}% 61
\BOOKMARK [2][-]{subsection.68}{\376\377\0003\000.\0004\000.\0002\000\040\000U\000t\000i\000l\000i\000s\000a\000t\000i\000o\000n\000\040\000d\000e\000\040\000G\000i\000t}{section.63}% 62
\BOOKMARK [1][-]{section.69}{\376\377\0003\000.\0005\000\040\000A\000r\000c\000h\000i\000t\000e\000c\000t\000u\000r\000e\000\040\000d\000e\000\040\000l\000'\000a\000p\000p\000l\000i\000c\000a\000t\000i\000o\000n}{chapter.38}% 63
\BOOKMARK [2][-]{section*.70}{\376\377\000C\000Q\000R\000S\000:\000\040\000C\000o\000m\000m\000a\000n\000d\000\040\000Q\000u\000e\000r\000y\000\040\000R\000e\000s\000p\000o\000n\000s\000i\000b\000i\000l\000i\000t\000y\000\040\000S\000e\000g\000g\000r\000e\000g\000a\000t\000i\000o\000n}{section.69}% 64
\BOOKMARK [3][-]{section*.71}{\376\377\000E\000v\000e\000n\000t\000\040\000S\000o\000u\000r\000c\000i\000n\000g}{section*.70}% 65
\BOOKMARK [4][-]{section*.72}{}{section*.71}% 66
\BOOKMARK [2][-]{subsection.73}{\376\377\0003\000.\0005\000.\0001\000\040\000O\000r\000g\000a\000n\000i\000s\000a\000t\000i\000o\000n\000\040\000d\000'\000u\000n\000e\000\040\000a\000p\000p\000l\000i\000c\000a\000t\000i\000o\000n\000\040\000b\000a\000s\000\351\000e\000\040\000s\000u\000r\000\040\000u\000n\000e\000\040\000t\000e\000l\000l\000e\000\040\000a\000r\000c\000h\000i\000t\000e\000c\000t\000u\000r\000e}{section.69}% 67
\BOOKMARK [3][-]{section*.74}{}{subsection.73}% 68
\BOOKMARK [4][-]{section*.75}{}{section*.74}% 69
\BOOKMARK [4][-]{section*.76}{}{section*.74}% 70
\BOOKMARK [3][-]{subsubsection.77}{\376\377\0003\000.\0005\000.\0001\000.\0001\000\040\000L\000e\000s\000\040\000c\000o\000n\000c\000e\000p\000t\000s\000\040\000t\000i\000r\000\351\000s\000\040\000d\000u\000\040\000D\000o\000m\000a\000i\000n\000\040\000D\000r\000i\000v\000e\000n\000\040\000D\000e\000s\000i\000g\000n}{subsection.73}% 71
\BOOKMARK [4][-]{section*.78}{\376\377\000L\000e\000\040\000d\000o\000m\000a\000i\000n\000e}{subsubsection.77}% 72
\BOOKMARK [4][-]{section*.79}{\376\377\000L\000e\000s\000\040\000a\000g\000g\000r\000\351\000g\000a\000t\000s}{subsubsection.77}% 73
\BOOKMARK [4][-]{section*.80}{\376\377\000L\000e\000s\000\040\000r\000e\000p\000o\000s\000i\000t\000o\000r\000i\000e\000s\000\040\000\050\000o\000u\000\040\000d\000\351\000p\000\364\000t\000s\000\051}{subsubsection.77}% 74
\BOOKMARK [3][-]{subsubsection.81}{\376\377\0003\000.\0005\000.\0001\000.\0002\000\040\000L\000a\000\040\000c\000o\000u\000c\000h\000e\000\040\000d\000e\000\040\000m\000o\000d\000i\000f\000i\000c\000a\000t\000i\000o\000n\000\040\000d\000e\000s\000\040\000d\000o\000n\000n\000\351\000e\000s\000:\000\040\000C\000o\000m\000m\000a\000n\000d}{subsection.73}% 75
\BOOKMARK [4][-]{section*.82}{}{subsubsection.81}% 76
\BOOKMARK [4][-]{section*.83}{}{subsubsection.81}% 77
\BOOKMARK [4][-]{section*.84}{}{subsubsection.81}% 78
\BOOKMARK [3][-]{subsubsection.85}{\376\377\0003\000.\0005\000.\0001\000.\0003\000\040\000L\000a\000\040\000c\000o\000u\000c\000h\000e\000\040\000d\000e\000\040\000l\000e\000c\000t\000u\000r\000e\000\040\000d\000e\000s\000\040\000d\000o\000n\000n\000\351\000e\000s\000:\000\040\000Q\000u\000e\000r\000y}{subsection.73}% 79
\BOOKMARK [4][-]{section*.86}{}{subsubsection.85}% 80
\BOOKMARK [4][-]{section*.87}{}{subsubsection.85}% 81
\BOOKMARK [4][-]{section*.88}{}{subsubsection.85}% 82
\BOOKMARK [2][-]{subsection.89}{\376\377\0003\000.\0005\000.\0002\000\040\000I\000m\000p\000l\000\351\000m\000e\000n\000t\000a\000t\000i\000o\000n}{section.69}% 83
\BOOKMARK [3][-]{subsubsection.90}{\376\377\0003\000.\0005\000.\0002\000.\0001\000\040\000L\000a\000\040\000s\000\351\000p\000a\000r\000a\000t\000i\000o\000n\000\040\000e\000f\000f\000e\000c\000t\000i\000v\000e\000\040\000d\000e\000\040\000l\000a\000\040\000l\000e\000c\000t\000u\000r\000e\000\040\000e\000t\000\040\000d\000e\000\040\000l\000'\000\351\000c\000r\000i\000t\000u\000r\000e}{subsection.89}% 84
\BOOKMARK [4][-]{section*.91}{\376\377\000L\000'\000\351\000c\000r\000i\000t\000u\000r\000e}{subsubsection.90}% 85
\BOOKMARK [5][-]{section*.92}{\376\377\000C\000o\000h\000\351\000r\000e\000n\000c\000e\000\040\000d\000e\000\040\000l\000a\000\040\000b\000a\000s\000e}{section*.91}% 86
\BOOKMARK [5][-]{section*.93}{\376\377\000M\000i\000g\000r\000a\000t\000i\000o\000n\000\040\000d\000e\000s\000\040\000\351\000v\000\351\000n\000e\000m\000e\000n\000t\000s}{section*.91}% 87
\BOOKMARK [5][-]{section*.94}{}{section*.91}% 88
\BOOKMARK [4][-]{section*.95}{\376\377\000L\000a\000\040\000l\000e\000c\000t\000u\000r\000e}{subsubsection.90}% 89
\BOOKMARK [5][-]{section*.96}{}{section*.95}% 90
\BOOKMARK [4][-]{section*.97}{}{subsubsection.90}% 91
\BOOKMARK [3][-]{subsubsection.98}{\376\377\0003\000.\0005\000.\0002\000.\0002\000\040\000B\000u\000s\000\040\000d\000'\000\351\000v\000\351\000n\000e\000m\000e\000n\000t\000s\000:\000\040\000K\000a\000f\000k\000a}{subsection.89}% 92
\BOOKMARK [4][-]{section*.99}{\376\377\000V\000o\000c\000a\000b\000u\000l\000a\000i\000r\000e}{subsubsection.98}% 93
\BOOKMARK [4][-]{section*.100}{\376\377\000U\000t\000i\000l\000i\000s\000a\000t\000i\000o\000n}{subsubsection.98}% 94
\BOOKMARK [3][-]{subsubsection.101}{\376\377\0003\000.\0005\000.\0002\000.\0003\000\040\000L\000e\000s\000\040\000c\000o\000m\000m\000a\000n\000d\000e\000s}{subsection.89}% 95
\BOOKMARK [4][-]{section*.102}{\376\377\000L\000'\000i\000n\000t\000e\000r\000f\000a\000c\000e}{subsubsection.101}% 96
\BOOKMARK [5][-]{section*.103}{\376\377\000E\000n\000v\000o\000i\000\040\000d\000'\000u\000n\000e\000\040\000c\000o\000m\000m\000a\000n\000d\000e}{section*.102}% 97
\BOOKMARK [5][-]{section*.104}{\376\377\000R\000\351\000c\000e\000p\000t\000i\000o\000n\000\040\000d\000e\000\040\000l\000a\000\040\000r\000\351\000p\000o\000n\000s\000e}{section*.102}% 98
\BOOKMARK [4][-]{section*.105}{\376\377\000B\000a\000c\000k\000e\000n\000d}{subsubsection.101}% 99
\BOOKMARK [5][-]{section*.106}{\376\377\000L\000e\000s\000\040\000o\000b\000j\000e\000t\000s\000\040\000C\000o\000m\000m\000a\000n\000d}{section*.105}% 100
\BOOKMARK [5][-]{section*.107}{\376\377\000L\000e\000\040\000c\000o\000m\000m\000a\000n\000d\000\040\000e\000x\000e\000c\000u\000t\000o\000r}{section*.105}% 101
\BOOKMARK [2][-]{subsection.108}{\376\377\0003\000.\0005\000.\0003\000\040\000L\000e\000s\000\040\000Q\000u\000e\000r\000i\000e\000s}{section.69}% 102
\BOOKMARK [3][-]{section*.109}{\376\377\000B\000a\000c\000k\000e\000n\000d}{subsection.108}% 103
\BOOKMARK [4][-]{section*.110}{\376\377\000P\000r\000o\000j\000e\000c\000t\000i\000o\000n\000s}{section*.109}% 104
\BOOKMARK [5][-]{section*.111}{\376\377\000L\000e\000s\000\040\000o\000b\000j\000e\000t\000s\000\040\000q\000u\000e\000r\000y}{section*.110}% 105
\BOOKMARK [1][-]{section.112}{\376\377\0003\000.\0006\000\040\000E\000v\000e\000n\000t\000\040\000s\000o\000u\000r\000c\000i\000n\000g}{chapter.38}% 106
\BOOKMARK [2][-]{subsection.113}{\376\377\0003\000.\0006\000.\0001\000\040\000F\000o\000n\000c\000t\000i\000o\000n\000n\000e\000m\000e\000n\000t\000\040\000d\000\351\000s\000i\000r\000\351}{section.112}% 107
\BOOKMARK [2][-]{subsection.114}{\376\377\0003\000.\0006\000.\0002\000\040\000F\000o\000n\000c\000t\000i\000o\000n\000n\000e\000m\000e\000n\000t\000\040\000t\000e\000c\000h\000n\000i\000q\000u\000e}{section.112}% 108
\BOOKMARK [3][-]{subsubsection.115}{\376\377\0003\000.\0006\000.\0002\000.\0001\000\040\000E\000n\000r\000e\000g\000i\000s\000t\000r\000e\000m\000e\000n\000t\000\040\000d\000e\000\040\000l\000'\000\351\000v\000\351\000n\000e\000m\000e\000n\000t}{subsection.114}% 109
\BOOKMARK [3][-]{subsubsection.116}{\376\377\0003\000.\0006\000.\0002\000.\0002\000\040\000U\000t\000i\000l\000i\000s\000a\000t\000i\000o\000n\000\040\000d\000e\000\040\000l\000'\000\351\000v\000\351\000n\000e\000m\000e\000n\000t}{subsection.114}% 110
\BOOKMARK [1][-]{section.117}{\376\377\0003\000.\0007\000\040\000D\000o\000m\000a\000i\000n\000\040\000D\000r\000i\000v\000e\000n\000\040\000D\000e\000v\000e\000l\000o\000p\000m\000e\000n\000t}{chapter.38}% 111
\BOOKMARK [1][-]{section.118}{\376\377\0003\000.\0008\000\040\000O\000r\000g\000a\000n\000i\000s\000a\000t\000i\000o\000n}{chapter.38}% 112
\BOOKMARK [1][-]{section.119}{\376\377\0003\000.\0009\000\040\000A\000u\000t\000o\000-\000\351\000v\000a\000l\000u\000a\000t\000i\000o\000n}{chapter.38}% 113
\BOOKMARK [1][-]{section.120}{\376\377\0003\000.\0001\0000\000\040\000R\000\351\000s\000u\000l\000t\000a\000t\000s\000\040\000e\000t\000\040\000p\000r\000o\000l\000o\000n\000g\000e\000m\000e\000n\000t\000s\000\040\000p\000o\000s\000s\000i\000b\000l\000e\000s}{chapter.38}% 114
\BOOKMARK [0][-]{chapter.121}{\376\377\0004\000\040\000L\000e\000\040\000s\000t\000a\000g\000e\000\040\000d\000a\000n\000s\000\040\000m\000a\000\040\000f\000o\000r\000m\000a\000t\000i\000o\000n}{}% 115
\BOOKMARK [1][-]{section.122}{\376\377\0004\000.\0001\000\040\000C\000e\000\040\000q\000u\000i\000\040\000m\000'\000a\000\040\000\351\000t\000\351\000\040\000l\000e\000\040\000p\000l\000u\000s\000\040\000u\000t\000i\000l\000e\000\040\000d\000a\000n\000s\000\040\000m\000a\000\040\000f\000o\000r\000m\000a\000t\000i\000o\000n}{chapter.121}% 116
\BOOKMARK [1][-]{section.123}{\376\377\0004\000.\0002\000\040\000C\000e\000\040\000q\000u\000e\000\040\000m\000'\000a\000\040\000a\000p\000p\000o\000r\000t\000\351\000\040\000c\000e\000\040\000s\000t\000a\000g\000e\000\040\000p\000o\000u\000r\000\040\000l\000e\000\040\000r\000e\000s\000t\000e\000\040\000d\000e\000\040\000m\000a\000\040\000c\000a\000r\000r\000i\000\350\000r\000e}{chapter.121}% 117
\BOOKMARK [0][-]{appendix.124}{\376\377\000A\000\040\000A\000p\000p\000e\000n\000d\000i\000x\000\040\000T\000i\000t\000l\000e\000\040\000H\000e\000r\000e}{}% 118
